{"C:\\Users\\BecarioQR\\OneDrive - OLNATURA, S.A. DE CV\\Escritorio\\IA_MVP\\frontend\\src\\i18n\\spanish.ts": {"path":"C:\\Users\\BecarioQR\\OneDrive - OLNATURA, S.A. DE CV\\Escritorio\\IA_MVP\\frontend\\src\\i18n\\spanish.ts","all":false,"statementMap":{"5":{"start":{"line":6,"column":0},"end":{"line":6,"column":58}},"6":{"start":{"line":7,"column":0},"end":{"line":7,"column":41}},"7":{"start":{"line":8,"column":0},"end":{"line":8,"column":48}},"8":{"start":{"line":9,"column":0},"end":{"line":9,"column":47}},"9":{"start":{"line":10,"column":0},"end":{"line":10,"column":39}},"10":{"start":{"line":11,"column":0},"end":{"line":11,"column":56}},"11":{"start":{"line":12,"column":0},"end":{"line":12,"column":38}},"12":{"start":{"line":13,"column":0},"end":{"line":13,"column":1}},"14":{"start":{"line":15,"column":0},"end":{"line":15,"column":58}},"15":{"start":{"line":16,"column":0},"end":{"line":16,"column":39}},"16":{"start":{"line":17,"column":0},"end":{"line":17,"column":45}},"17":{"start":{"line":18,"column":0},"end":{"line":18,"column":39}},"18":{"start":{"line":19,"column":0},"end":{"line":19,"column":45}},"19":{"start":{"line":20,"column":0},"end":{"line":20,"column":54}},"20":{"start":{"line":21,"column":0},"end":{"line":21,"column":60}},"21":{"start":{"line":22,"column":0},"end":{"line":22,"column":49}},"22":{"start":{"line":23,"column":0},"end":{"line":23,"column":47}},"23":{"start":{"line":24,"column":0},"end":{"line":24,"column":52}},"24":{"start":{"line":25,"column":0},"end":{"line":25,"column":49}},"25":{"start":{"line":26,"column":0},"end":{"line":26,"column":56}},"26":{"start":{"line":27,"column":0},"end":{"line":27,"column":30}},"27":{"start":{"line":28,"column":0},"end":{"line":28,"column":1}},"29":{"start":{"line":30,"column":0},"end":{"line":30,"column":54}},"30":{"start":{"line":31,"column":0},"end":{"line":31,"column":19}},"31":{"start":{"line":32,"column":0},"end":{"line":32,"column":21}},"32":{"start":{"line":33,"column":0},"end":{"line":33,"column":27}},"33":{"start":{"line":34,"column":0},"end":{"line":34,"column":29}},"34":{"start":{"line":35,"column":0},"end":{"line":35,"column":23}},"35":{"start":{"line":36,"column":0},"end":{"line":36,"column":25}},"36":{"start":{"line":37,"column":0},"end":{"line":37,"column":27}},"37":{"start":{"line":38,"column":0},"end":{"line":38,"column":1}},"39":{"start":{"line":40,"column":0},"end":{"line":40,"column":61}},"40":{"start":{"line":41,"column":0},"end":{"line":41,"column":34}},"41":{"start":{"line":42,"column":0},"end":{"line":42,"column":34}},"42":{"start":{"line":43,"column":0},"end":{"line":43,"column":1}},"44":{"start":{"line":45,"column":0},"end":{"line":45,"column":56}},"45":{"start":{"line":46,"column":0},"end":{"line":46,"column":16}},"46":{"start":{"line":47,"column":0},"end":{"line":47,"column":87}},"47":{"start":{"line":48,"column":0},"end":{"line":48,"column":19}},"48":{"start":{"line":49,"column":0},"end":{"line":49,"column":90}},"49":{"start":{"line":50,"column":0},"end":{"line":50,"column":67}},"50":{"start":{"line":51,"column":0},"end":{"line":51,"column":79}},"51":{"start":{"line":52,"column":0},"end":{"line":52,"column":18}},"52":{"start":{"line":53,"column":0},"end":{"line":53,"column":74}},"53":{"start":{"line":54,"column":0},"end":{"line":54,"column":23}},"54":{"start":{"line":55,"column":0},"end":{"line":55,"column":79}},"55":{"start":{"line":56,"column":0},"end":{"line":56,"column":75}},"56":{"start":{"line":57,"column":0},"end":{"line":57,"column":81}},"57":{"start":{"line":58,"column":0},"end":{"line":58,"column":78}},"58":{"start":{"line":59,"column":0},"end":{"line":59,"column":72}},"59":{"start":{"line":60,"column":0},"end":{"line":60,"column":85}},"60":{"start":{"line":61,"column":0},"end":{"line":61,"column":77}},"61":{"start":{"line":62,"column":0},"end":{"line":62,"column":86}},"62":{"start":{"line":63,"column":0},"end":{"line":63,"column":70}},"63":{"start":{"line":64,"column":0},"end":{"line":64,"column":64}},"64":{"start":{"line":65,"column":0},"end":{"line":65,"column":1}},"66":{"start":{"line":67,"column":0},"end":{"line":67,"column":19}},"67":{"start":{"line":68,"column":0},"end":{"line":68,"column":8}},"68":{"start":{"line":69,"column":0},"end":{"line":69,"column":30}},"69":{"start":{"line":70,"column":0},"end":{"line":70,"column":31}},"70":{"start":{"line":71,"column":0},"end":{"line":71,"column":39}},"71":{"start":{"line":72,"column":0},"end":{"line":72,"column":35}},"72":{"start":{"line":73,"column":0},"end":{"line":73,"column":40}},"73":{"start":{"line":74,"column":0},"end":{"line":74,"column":4}},"74":{"start":{"line":75,"column":0},"end":{"line":75,"column":11}},"75":{"start":{"line":76,"column":0},"end":{"line":76,"column":26}},"76":{"start":{"line":77,"column":0},"end":{"line":77,"column":25}},"77":{"start":{"line":78,"column":0},"end":{"line":78,"column":22}},"78":{"start":{"line":79,"column":0},"end":{"line":79,"column":25}},"79":{"start":{"line":80,"column":0},"end":{"line":80,"column":31}},"80":{"start":{"line":81,"column":0},"end":{"line":81,"column":34}},"81":{"start":{"line":82,"column":0},"end":{"line":82,"column":17}},"82":{"start":{"line":83,"column":0},"end":{"line":83,"column":37}},"83":{"start":{"line":84,"column":0},"end":{"line":84,"column":67}},"84":{"start":{"line":85,"column":0},"end":{"line":85,"column":41}},"85":{"start":{"line":86,"column":0},"end":{"line":86,"column":32}},"86":{"start":{"line":87,"column":0},"end":{"line":87,"column":30}},"87":{"start":{"line":88,"column":0},"end":{"line":88,"column":71}},"88":{"start":{"line":89,"column":0},"end":{"line":89,"column":79}},"89":{"start":{"line":90,"column":0},"end":{"line":90,"column":4}},"90":{"start":{"line":91,"column":0},"end":{"line":91,"column":14}},"91":{"start":{"line":92,"column":0},"end":{"line":92,"column":37}},"92":{"start":{"line":93,"column":0},"end":{"line":93,"column":42}},"93":{"start":{"line":94,"column":0},"end":{"line":94,"column":95}},"94":{"start":{"line":95,"column":0},"end":{"line":95,"column":15}},"95":{"start":{"line":96,"column":0},"end":{"line":96,"column":36}},"96":{"start":{"line":97,"column":0},"end":{"line":97,"column":74}},"97":{"start":{"line":98,"column":0},"end":{"line":98,"column":42}},"98":{"start":{"line":99,"column":0},"end":{"line":99,"column":44}},"99":{"start":{"line":100,"column":0},"end":{"line":100,"column":39}},"100":{"start":{"line":101,"column":0},"end":{"line":101,"column":59}},"101":{"start":{"line":102,"column":0},"end":{"line":102,"column":42}},"102":{"start":{"line":103,"column":0},"end":{"line":103,"column":37}},"103":{"start":{"line":104,"column":0},"end":{"line":104,"column":6}},"104":{"start":{"line":105,"column":0},"end":{"line":105,"column":18}},"105":{"start":{"line":106,"column":0},"end":{"line":106,"column":27}},"106":{"start":{"line":107,"column":0},"end":{"line":107,"column":60}},"107":{"start":{"line":108,"column":0},"end":{"line":108,"column":26}},"108":{"start":{"line":109,"column":0},"end":{"line":109,"column":26}},"109":{"start":{"line":110,"column":0},"end":{"line":110,"column":26}},"110":{"start":{"line":111,"column":0},"end":{"line":111,"column":51}},"111":{"start":{"line":112,"column":0},"end":{"line":112,"column":6}},"112":{"start":{"line":113,"column":0},"end":{"line":113,"column":16}},"113":{"start":{"line":114,"column":0},"end":{"line":114,"column":34}},"114":{"start":{"line":115,"column":0},"end":{"line":115,"column":79}},"115":{"start":{"line":116,"column":0},"end":{"line":116,"column":52}},"116":{"start":{"line":117,"column":0},"end":{"line":117,"column":63}},"117":{"start":{"line":118,"column":0},"end":{"line":118,"column":39}},"118":{"start":{"line":119,"column":0},"end":{"line":119,"column":45}},"119":{"start":{"line":120,"column":0},"end":{"line":120,"column":45}},"120":{"start":{"line":121,"column":0},"end":{"line":121,"column":57}},"121":{"start":{"line":122,"column":0},"end":{"line":122,"column":6}},"122":{"start":{"line":123,"column":0},"end":{"line":123,"column":17}},"123":{"start":{"line":124,"column":0},"end":{"line":124,"column":40}},"124":{"start":{"line":125,"column":0},"end":{"line":125,"column":62}},"125":{"start":{"line":126,"column":0},"end":{"line":126,"column":35}},"126":{"start":{"line":127,"column":0},"end":{"line":127,"column":6}},"127":{"start":{"line":128,"column":0},"end":{"line":128,"column":4}},"128":{"start":{"line":129,"column":0},"end":{"line":129,"column":10}},"129":{"start":{"line":130,"column":0},"end":{"line":130,"column":37}},"130":{"start":{"line":131,"column":0},"end":{"line":131,"column":48}},"131":{"start":{"line":132,"column":0},"end":{"line":132,"column":13}},"132":{"start":{"line":133,"column":0},"end":{"line":133,"column":81}},"133":{"start":{"line":134,"column":0},"end":{"line":134,"column":15}},"134":{"start":{"line":135,"column":0},"end":{"line":135,"column":31}},"135":{"start":{"line":136,"column":0},"end":{"line":136,"column":75}},"136":{"start":{"line":137,"column":0},"end":{"line":137,"column":42}},"137":{"start":{"line":138,"column":0},"end":{"line":138,"column":26}},"138":{"start":{"line":139,"column":0},"end":{"line":139,"column":25}},"139":{"start":{"line":140,"column":0},"end":{"line":140,"column":44}},"140":{"start":{"line":141,"column":0},"end":{"line":141,"column":39}},"141":{"start":{"line":142,"column":0},"end":{"line":142,"column":46}},"142":{"start":{"line":143,"column":0},"end":{"line":143,"column":50}},"143":{"start":{"line":144,"column":0},"end":{"line":144,"column":42}},"144":{"start":{"line":145,"column":0},"end":{"line":145,"column":37}},"145":{"start":{"line":146,"column":0},"end":{"line":146,"column":43}},"146":{"start":{"line":147,"column":0},"end":{"line":147,"column":46}},"147":{"start":{"line":148,"column":0},"end":{"line":148,"column":6}},"148":{"start":{"line":149,"column":0},"end":{"line":149,"column":19}},"149":{"start":{"line":150,"column":0},"end":{"line":150,"column":36}},"150":{"start":{"line":151,"column":0},"end":{"line":151,"column":15}},"151":{"start":{"line":152,"column":0},"end":{"line":152,"column":80}},"152":{"start":{"line":153,"column":0},"end":{"line":153,"column":6}},"153":{"start":{"line":154,"column":0},"end":{"line":154,"column":18}},"154":{"start":{"line":155,"column":0},"end":{"line":155,"column":53}},"155":{"start":{"line":156,"column":0},"end":{"line":156,"column":76}},"156":{"start":{"line":157,"column":0},"end":{"line":157,"column":6}},"157":{"start":{"line":158,"column":0},"end":{"line":158,"column":16}},"158":{"start":{"line":159,"column":0},"end":{"line":159,"column":38}},"159":{"start":{"line":160,"column":0},"end":{"line":160,"column":76}},"160":{"start":{"line":161,"column":0},"end":{"line":161,"column":6}},"161":{"start":{"line":162,"column":0},"end":{"line":162,"column":15}},"162":{"start":{"line":163,"column":0},"end":{"line":163,"column":24}},"163":{"start":{"line":164,"column":0},"end":{"line":164,"column":66}},"164":{"start":{"line":165,"column":0},"end":{"line":165,"column":48}},"165":{"start":{"line":166,"column":0},"end":{"line":166,"column":51}},"166":{"start":{"line":167,"column":0},"end":{"line":167,"column":50}},"167":{"start":{"line":168,"column":0},"end":{"line":168,"column":59}},"168":{"start":{"line":169,"column":0},"end":{"line":169,"column":6}},"169":{"start":{"line":170,"column":0},"end":{"line":170,"column":40}},"170":{"start":{"line":171,"column":0},"end":{"line":171,"column":4}},"171":{"start":{"line":172,"column":0},"end":{"line":172,"column":16}},"172":{"start":{"line":173,"column":0},"end":{"line":173,"column":50}},"173":{"start":{"line":174,"column":0},"end":{"line":174,"column":57}},"174":{"start":{"line":175,"column":0},"end":{"line":175,"column":67}},"175":{"start":{"line":176,"column":0},"end":{"line":176,"column":40}},"176":{"start":{"line":177,"column":0},"end":{"line":177,"column":64}},"177":{"start":{"line":178,"column":0},"end":{"line":178,"column":61}},"178":{"start":{"line":179,"column":0},"end":{"line":179,"column":62}},"179":{"start":{"line":180,"column":0},"end":{"line":180,"column":79}},"180":{"start":{"line":181,"column":0},"end":{"line":181,"column":65}},"181":{"start":{"line":182,"column":0},"end":{"line":182,"column":71}},"182":{"start":{"line":183,"column":0},"end":{"line":183,"column":48}},"183":{"start":{"line":184,"column":0},"end":{"line":184,"column":49}},"184":{"start":{"line":185,"column":0},"end":{"line":185,"column":42}},"185":{"start":{"line":186,"column":0},"end":{"line":186,"column":43}},"186":{"start":{"line":187,"column":0},"end":{"line":187,"column":43}},"187":{"start":{"line":188,"column":0},"end":{"line":188,"column":69}},"188":{"start":{"line":189,"column":0},"end":{"line":189,"column":17}},"189":{"start":{"line":190,"column":0},"end":{"line":190,"column":137}},"190":{"start":{"line":191,"column":0},"end":{"line":191,"column":44}},"191":{"start":{"line":192,"column":0},"end":{"line":192,"column":96}},"192":{"start":{"line":193,"column":0},"end":{"line":193,"column":56}},"193":{"start":{"line":194,"column":0},"end":{"line":194,"column":50}},"194":{"start":{"line":195,"column":0},"end":{"line":195,"column":22}},"195":{"start":{"line":196,"column":0},"end":{"line":196,"column":60}},"196":{"start":{"line":197,"column":0},"end":{"line":197,"column":47}},"197":{"start":{"line":198,"column":0},"end":{"line":198,"column":30}},"198":{"start":{"line":199,"column":0},"end":{"line":199,"column":33}},"199":{"start":{"line":200,"column":0},"end":{"line":200,"column":80}},"200":{"start":{"line":201,"column":0},"end":{"line":201,"column":31}},"201":{"start":{"line":202,"column":0},"end":{"line":202,"column":49}},"202":{"start":{"line":203,"column":0},"end":{"line":203,"column":54}},"203":{"start":{"line":204,"column":0},"end":{"line":204,"column":38}},"204":{"start":{"line":205,"column":0},"end":{"line":205,"column":54}},"205":{"start":{"line":206,"column":0},"end":{"line":206,"column":47}},"206":{"start":{"line":207,"column":0},"end":{"line":207,"column":40}},"207":{"start":{"line":208,"column":0},"end":{"line":208,"column":35}},"208":{"start":{"line":209,"column":0},"end":{"line":209,"column":43}},"209":{"start":{"line":210,"column":0},"end":{"line":210,"column":55}},"210":{"start":{"line":211,"column":0},"end":{"line":211,"column":51}},"211":{"start":{"line":212,"column":0},"end":{"line":212,"column":63}},"212":{"start":{"line":213,"column":0},"end":{"line":213,"column":53}},"213":{"start":{"line":214,"column":0},"end":{"line":214,"column":61}},"214":{"start":{"line":215,"column":0},"end":{"line":215,"column":92}},"215":{"start":{"line":216,"column":0},"end":{"line":216,"column":27}},"216":{"start":{"line":217,"column":0},"end":{"line":217,"column":55}},"217":{"start":{"line":218,"column":0},"end":{"line":218,"column":71}},"218":{"start":{"line":219,"column":0},"end":{"line":219,"column":41}},"219":{"start":{"line":220,"column":0},"end":{"line":220,"column":18}},"220":{"start":{"line":221,"column":0},"end":{"line":221,"column":221}},"221":{"start":{"line":222,"column":0},"end":{"line":222,"column":71}},"222":{"start":{"line":223,"column":0},"end":{"line":223,"column":22}},"223":{"start":{"line":224,"column":0},"end":{"line":224,"column":219}},"224":{"start":{"line":225,"column":0},"end":{"line":225,"column":69}},"225":{"start":{"line":226,"column":0},"end":{"line":226,"column":21}},"226":{"start":{"line":227,"column":0},"end":{"line":227,"column":217}},"227":{"start":{"line":228,"column":0},"end":{"line":228,"column":65}},"228":{"start":{"line":229,"column":0},"end":{"line":229,"column":30}},"229":{"start":{"line":230,"column":0},"end":{"line":230,"column":245}},"230":{"start":{"line":231,"column":0},"end":{"line":231,"column":23}},"231":{"start":{"line":232,"column":0},"end":{"line":232,"column":57}},"232":{"start":{"line":233,"column":0},"end":{"line":233,"column":66}},"233":{"start":{"line":234,"column":0},"end":{"line":234,"column":63}},"234":{"start":{"line":235,"column":0},"end":{"line":235,"column":56}},"235":{"start":{"line":236,"column":0},"end":{"line":236,"column":71}},"236":{"start":{"line":237,"column":0},"end":{"line":237,"column":59}},"237":{"start":{"line":238,"column":0},"end":{"line":238,"column":67}},"238":{"start":{"line":239,"column":0},"end":{"line":239,"column":6}},"239":{"start":{"line":240,"column":0},"end":{"line":240,"column":4}},"240":{"start":{"line":241,"column":0},"end":{"line":241,"column":9}},"241":{"start":{"line":242,"column":0},"end":{"line":242,"column":22}},"242":{"start":{"line":243,"column":0},"end":{"line":243,"column":34}},"243":{"start":{"line":244,"column":0},"end":{"line":244,"column":28}},"244":{"start":{"line":245,"column":0},"end":{"line":245,"column":17}},"245":{"start":{"line":246,"column":0},"end":{"line":246,"column":34}},"246":{"start":{"line":247,"column":0},"end":{"line":247,"column":30}},"247":{"start":{"line":248,"column":0},"end":{"line":248,"column":37}},"248":{"start":{"line":249,"column":0},"end":{"line":249,"column":48}},"249":{"start":{"line":250,"column":0},"end":{"line":250,"column":24}},"250":{"start":{"line":251,"column":0},"end":{"line":251,"column":48}},"251":{"start":{"line":252,"column":0},"end":{"line":252,"column":30}},"252":{"start":{"line":253,"column":0},"end":{"line":253,"column":50}},"253":{"start":{"line":254,"column":0},"end":{"line":254,"column":34}},"254":{"start":{"line":255,"column":0},"end":{"line":255,"column":41}},"255":{"start":{"line":256,"column":0},"end":{"line":256,"column":41}},"256":{"start":{"line":257,"column":0},"end":{"line":257,"column":4}},"257":{"start":{"line":258,"column":0},"end":{"line":258,"column":11}},"258":{"start":{"line":259,"column":0},"end":{"line":259,"column":25}},"259":{"start":{"line":260,"column":0},"end":{"line":260,"column":22}},"260":{"start":{"line":261,"column":0},"end":{"line":261,"column":31}},"261":{"start":{"line":262,"column":0},"end":{"line":262,"column":34}},"262":{"start":{"line":263,"column":0},"end":{"line":263,"column":44}},"263":{"start":{"line":264,"column":0},"end":{"line":264,"column":39}},"264":{"start":{"line":265,"column":0},"end":{"line":265,"column":23}},"265":{"start":{"line":266,"column":0},"end":{"line":266,"column":4}},"266":{"start":{"line":267,"column":0},"end":{"line":267,"column":10}},"269":{"start":{"line":270,"column":0},"end":{"line":270,"column":78}},"270":{"start":{"line":271,"column":0},"end":{"line":271,"column":24}},"271":{"start":{"line":272,"column":0},"end":{"line":272,"column":42}},"272":{"start":{"line":273,"column":0},"end":{"line":273,"column":1}},"275":{"start":{"line":276,"column":0},"end":{"line":276,"column":78}},"276":{"start":{"line":277,"column":0},"end":{"line":277,"column":24}},"277":{"start":{"line":278,"column":0},"end":{"line":278,"column":77}},"278":{"start":{"line":279,"column":0},"end":{"line":279,"column":1}},"281":{"start":{"line":282,"column":0},"end":{"line":282,"column":75}},"282":{"start":{"line":283,"column":0},"end":{"line":283,"column":24}},"283":{"start":{"line":284,"column":0},"end":{"line":284,"column":38}},"284":{"start":{"line":285,"column":0},"end":{"line":285,"column":1}},"287":{"start":{"line":288,"column":0},"end":{"line":288,"column":81}},"288":{"start":{"line":289,"column":0},"end":{"line":289,"column":24}},"289":{"start":{"line":290,"column":0},"end":{"line":290,"column":45}},"290":{"start":{"line":291,"column":0},"end":{"line":291,"column":1}},"292":{"start":{"line":293,"column":0},"end":{"line":293,"column":77}},"293":{"start":{"line":294,"column":0},"end":{"line":294,"column":29}},"294":{"start":{"line":295,"column":0},"end":{"line":295,"column":1}},"297":{"start":{"line":298,"column":0},"end":{"line":298,"column":62}},"298":{"start":{"line":299,"column":0},"end":{"line":299,"column":63}},"299":{"start":{"line":300,"column":0},"end":{"line":300,"column":22}},"300":{"start":{"line":301,"column":0},"end":{"line":301,"column":77}},"301":{"start":{"line":302,"column":0},"end":{"line":302,"column":3}},"302":{"start":{"line":303,"column":0},"end":{"line":303,"column":54}},"303":{"start":{"line":304,"column":0},"end":{"line":304,"column":1}},"305":{"start":{"line":306,"column":0},"end":{"line":306,"column":48}},"306":{"start":{"line":307,"column":0},"end":{"line":307,"column":31}},"307":{"start":{"line":308,"column":0},"end":{"line":308,"column":25}},"308":{"start":{"line":309,"column":0},"end":{"line":309,"column":27}},"309":{"start":{"line":310,"column":0},"end":{"line":310,"column":1}},"312":{"start":{"line":313,"column":0},"end":{"line":313,"column":62}},"313":{"start":{"line":314,"column":0},"end":{"line":314,"column":28}},"314":{"start":{"line":315,"column":0},"end":{"line":315,"column":26}},"316":{"start":{"line":317,"column":0},"end":{"line":317,"column":35}},"317":{"start":{"line":318,"column":0},"end":{"line":318,"column":86}},"318":{"start":{"line":319,"column":0},"end":{"line":319,"column":45}},"319":{"start":{"line":320,"column":0},"end":{"line":320,"column":33}},"320":{"start":{"line":321,"column":0},"end":{"line":321,"column":28}},"321":{"start":{"line":322,"column":0},"end":{"line":322,"column":53}},"322":{"start":{"line":323,"column":0},"end":{"line":323,"column":5}},"323":{"start":{"line":324,"column":0},"end":{"line":324,"column":26}},"324":{"start":{"line":325,"column":0},"end":{"line":325,"column":4}},"326":{"start":{"line":327,"column":0},"end":{"line":327,"column":48}},"327":{"start":{"line":328,"column":0},"end":{"line":328,"column":1}},"330":{"start":{"line":331,"column":0},"end":{"line":331,"column":68}},"331":{"start":{"line":332,"column":0},"end":{"line":332,"column":40}},"337":{"start":{"line":338,"column":0},"end":{"line":338,"column":47}},"338":{"start":{"line":339,"column":0},"end":{"line":339,"column":19}},"339":{"start":{"line":340,"column":0},"end":{"line":340,"column":60}},"340":{"start":{"line":341,"column":0},"end":{"line":341,"column":42}},"341":{"start":{"line":342,"column":0},"end":{"line":342,"column":36}},"342":{"start":{"line":343,"column":0},"end":{"line":343,"column":58}},"343":{"start":{"line":344,"column":0},"end":{"line":344,"column":7}},"344":{"start":{"line":345,"column":0},"end":{"line":345,"column":3}},"345":{"start":{"line":346,"column":0},"end":{"line":346,"column":46}},"346":{"start":{"line":347,"column":0},"end":{"line":347,"column":67}},"347":{"start":{"line":348,"column":0},"end":{"line":348,"column":3}},"348":{"start":{"line":349,"column":0},"end":{"line":349,"column":25}},"349":{"start":{"line":350,"column":0},"end":{"line":350,"column":54}},"350":{"start":{"line":351,"column":0},"end":{"line":351,"column":3}},"352":{"start":{"line":353,"column":0},"end":{"line":353,"column":43}},"353":{"start":{"line":354,"column":0},"end":{"line":354,"column":1}},"356":{"start":{"line":357,"column":0},"end":{"line":357,"column":56}},"357":{"start":{"line":358,"column":0},"end":{"line":358,"column":18}},"358":{"start":{"line":359,"column":0},"end":{"line":359,"column":23}},"359":{"start":{"line":360,"column":0},"end":{"line":360,"column":22}},"360":{"start":{"line":361,"column":0},"end":{"line":361,"column":20}},"361":{"start":{"line":362,"column":0},"end":{"line":362,"column":21}},"362":{"start":{"line":363,"column":0},"end":{"line":363,"column":21}},"363":{"start":{"line":364,"column":0},"end":{"line":364,"column":18}},"364":{"start":{"line":365,"column":0},"end":{"line":365,"column":28}},"365":{"start":{"line":366,"column":0},"end":{"line":366,"column":27}},"366":{"start":{"line":367,"column":0},"end":{"line":367,"column":27}},"367":{"start":{"line":368,"column":0},"end":{"line":368,"column":21}},"368":{"start":{"line":369,"column":0},"end":{"line":369,"column":25}},"369":{"start":{"line":370,"column":0},"end":{"line":370,"column":30}},"370":{"start":{"line":371,"column":0},"end":{"line":371,"column":24}},"371":{"start":{"line":372,"column":0},"end":{"line":372,"column":22}},"372":{"start":{"line":373,"column":0},"end":{"line":373,"column":21}},"373":{"start":{"line":374,"column":0},"end":{"line":374,"column":20}},"374":{"start":{"line":375,"column":0},"end":{"line":375,"column":20}},"375":{"start":{"line":376,"column":0},"end":{"line":376,"column":20}},"376":{"start":{"line":377,"column":0},"end":{"line":377,"column":18}},"377":{"start":{"line":378,"column":0},"end":{"line":378,"column":20}},"378":{"start":{"line":379,"column":0},"end":{"line":379,"column":27}},"379":{"start":{"line":380,"column":0},"end":{"line":380,"column":21}},"380":{"start":{"line":381,"column":0},"end":{"line":381,"column":1}},"382":{"start":{"line":383,"column":0},"end":{"line":383,"column":71}},"383":{"start":{"line":384,"column":0},"end":{"line":384,"column":56}},"384":{"start":{"line":385,"column":0},"end":{"line":385,"column":37}},"385":{"start":{"line":386,"column":0},"end":{"line":386,"column":30}},"386":{"start":{"line":387,"column":0},"end":{"line":387,"column":3}},"387":{"start":{"line":388,"column":0},"end":{"line":388,"column":13}},"388":{"start":{"line":389,"column":0},"end":{"line":389,"column":1}},"391":{"start":{"line":392,"column":0},"end":{"line":392,"column":55}},"392":{"start":{"line":393,"column":0},"end":{"line":393,"column":30}},"394":{"start":{"line":395,"column":0},"end":{"line":395,"column":39}},"395":{"start":{"line":396,"column":0},"end":{"line":396,"column":54}},"396":{"start":{"line":397,"column":0},"end":{"line":397,"column":54}},"397":{"start":{"line":398,"column":0},"end":{"line":398,"column":83}},"398":{"start":{"line":399,"column":0},"end":{"line":399,"column":3}},"400":{"start":{"line":401,"column":0},"end":{"line":401,"column":10}},"401":{"start":{"line":402,"column":0},"end":{"line":402,"column":51}},"402":{"start":{"line":403,"column":0},"end":{"line":403,"column":51}},"403":{"start":{"line":404,"column":0},"end":{"line":404,"column":49}},"404":{"start":{"line":405,"column":0},"end":{"line":405,"column":16}},"405":{"start":{"line":406,"column":0},"end":{"line":406,"column":1}},"407":{"start":{"line":408,"column":0},"end":{"line":408,"column":83}},"408":{"start":{"line":409,"column":0},"end":{"line":409,"column":33}},"409":{"start":{"line":410,"column":0},"end":{"line":410,"column":78}},"410":{"start":{"line":411,"column":0},"end":{"line":411,"column":52}},"411":{"start":{"line":412,"column":0},"end":{"line":412,"column":75}},"412":{"start":{"line":413,"column":0},"end":{"line":413,"column":3}},"413":{"start":{"line":414,"column":0},"end":{"line":414,"column":19}},"414":{"start":{"line":415,"column":0},"end":{"line":415,"column":1}}},"s":{"5":1,"6":1,"7":1,"8":1,"9":1,"10":1,"11":1,"12":1,"14":1,"15":1,"16":1,"17":1,"18":1,"19":1,"20":1,"21":1,"22":1,"23":1,"24":1,"25":1,"26":1,"27":1,"29":1,"30":1,"31":1,"32":1,"33":1,"34":1,"35":1,"36":1,"37":1,"39":1,"40":1,"41":1,"42":1,"44":1,"45":1,"46":1,"47":1,"48":1,"49":1,"50":1,"51":1,"52":1,"53":1,"54":1,"55":1,"56":1,"57":1,"58":1,"59":1,"60":1,"61":1,"62":1,"63":1,"64":1,"66":1,"67":1,"68":1,"69":1,"70":1,"71":1,"72":1,"73":1,"74":1,"75":1,"76":1,"77":1,"78":1,"79":1,"80":1,"81":1,"82":1,"83":1,"84":1,"85":1,"86":1,"87":1,"88":1,"89":1,"90":1,"91":1,"92":1,"93":1,"94":1,"95":1,"96":1,"97":1,"98":1,"99":1,"100":1,"101":1,"102":1,"103":1,"104":1,"105":1,"106":1,"107":1,"108":1,"109":1,"110":1,"111":1,"112":1,"113":1,"114":1,"115":1,"116":1,"117":1,"118":1,"119":1,"120":1,"121":1,"122":1,"123":1,"124":1,"125":1,"126":1,"127":1,"128":1,"129":1,"130":1,"131":1,"132":1,"133":1,"134":1,"135":1,"136":1,"137":1,"138":1,"139":1,"140":1,"141":1,"142":1,"143":1,"144":1,"145":1,"146":1,"147":1,"148":1,"149":1,"150":1,"151":1,"152":1,"153":1,"154":1,"155":1,"156":1,"157":1,"158":1,"159":1,"160":1,"161":1,"162":1,"163":1,"164":1,"165":1,"166":1,"167":1,"168":1,"169":1,"170":1,"171":1,"172":1,"173":1,"174":1,"175":1,"176":1,"177":1,"178":1,"179":1,"180":1,"181":1,"182":1,"183":1,"184":1,"185":1,"186":1,"187":1,"188":1,"189":1,"190":1,"191":1,"192":1,"193":1,"194":1,"195":1,"196":1,"197":1,"198":1,"199":1,"200":1,"201":1,"202":1,"203":1,"204":1,"205":1,"206":1,"207":1,"208":1,"209":1,"210":1,"211":1,"212":1,"213":1,"214":1,"215":1,"216":1,"217":1,"218":1,"219":1,"220":1,"221":1,"222":1,"223":1,"224":1,"225":1,"226":1,"227":1,"228":1,"229":1,"230":1,"231":1,"232":1,"233":1,"234":1,"235":1,"236":1,"237":1,"238":1,"239":1,"240":1,"241":1,"242":1,"243":1,"244":1,"245":1,"246":1,"247":1,"248":1,"249":1,"250":1,"251":1,"252":1,"253":1,"254":1,"255":1,"256":1,"257":1,"258":1,"259":1,"260":1,"261":1,"262":1,"263":1,"264":1,"265":1,"266":1,"269":1,"270":48,"271":48,"272":48,"275":1,"276":3,"277":3,"278":3,"281":1,"282":3,"283":3,"284":3,"287":1,"288":3,"289":3,"290":3,"292":1,"293":58,"294":58,"297":1,"298":3,"299":3,"300":1,"301":1,"302":1,"303":1,"305":1,"306":1,"307":1,"308":1,"309":1,"312":1,"313":5,"314":5,"316":4,"317":4,"318":4,"319":4,"320":4,"321":3,"322":3,"323":4,"324":4,"326":4,"327":4,"330":1,"331":3,"337":3,"338":3,"339":2,"340":2,"341":2,"342":2,"343":2,"344":2,"345":3,"346":2,"347":2,"348":3,"349":2,"350":2,"352":3,"353":3,"356":1,"357":1,"358":1,"359":1,"360":1,"361":1,"362":1,"363":1,"364":1,"365":1,"366":1,"367":1,"368":1,"369":1,"370":1,"371":1,"372":1,"373":1,"374":1,"375":1,"376":1,"377":1,"378":1,"379":1,"380":1,"382":1,"383":387,"384":8865,"385":8865,"386":8865,"387":385,"388":385,"391":1,"392":3,"394":3,"395":528,"396":54,"397":54,"398":528,"400":3,"401":3,"402":3,"403":3,"404":3,"405":3,"407":1,"408":2,"409":2,"410":383,"411":383,"412":383,"413":2,"414":2},"branchMap":{"0":{"type":"branch","line":270,"loc":{"start":{"line":270,"column":7},"end":{"line":273,"column":1}},"locations":[{"start":{"line":270,"column":7},"end":{"line":273,"column":1}}]},"1":{"type":"branch","line":271,"loc":{"start":{"line":271,"column":14},"end":{"line":271,"column":24}},"locations":[{"start":{"line":271,"column":14},"end":{"line":271,"column":24}}]},"2":{"type":"branch","line":271,"loc":{"start":{"line":271,"column":21},"end":{"line":272,"column":37}},"locations":[{"start":{"line":271,"column":21},"end":{"line":272,"column":37}}]},"3":{"type":"branch","line":272,"loc":{"start":{"line":272,"column":32},"end":{"line":272,"column":42}},"locations":[{"start":{"line":272,"column":32},"end":{"line":272,"column":42}}]},"4":{"type":"branch","line":276,"loc":{"start":{"line":276,"column":7},"end":{"line":279,"column":1}},"locations":[{"start":{"line":276,"column":7},"end":{"line":279,"column":1}}]},"5":{"type":"branch","line":277,"loc":{"start":{"line":277,"column":14},"end":{"line":277,"column":24}},"locations":[{"start":{"line":277,"column":14},"end":{"line":277,"column":24}}]},"6":{"type":"branch","line":277,"loc":{"start":{"line":277,"column":21},"end":{"line":278,"column":37}},"locations":[{"start":{"line":277,"column":21},"end":{"line":278,"column":37}}]},"7":{"type":"branch","line":278,"loc":{"start":{"line":278,"column":32},"end":{"line":278,"column":77}},"locations":[{"start":{"line":278,"column":32},"end":{"line":278,"column":77}}]},"8":{"type":"branch","line":282,"loc":{"start":{"line":282,"column":7},"end":{"line":285,"column":1}},"locations":[{"start":{"line":282,"column":7},"end":{"line":285,"column":1}}]},"9":{"type":"branch","line":283,"loc":{"start":{"line":283,"column":14},"end":{"line":283,"column":24}},"locations":[{"start":{"line":283,"column":14},"end":{"line":283,"column":24}}]},"10":{"type":"branch","line":283,"loc":{"start":{"line":283,"column":21},"end":{"line":284,"column":33}},"locations":[{"start":{"line":283,"column":21},"end":{"line":284,"column":33}}]},"11":{"type":"branch","line":284,"loc":{"start":{"line":284,"column":28},"end":{"line":284,"column":38}},"locations":[{"start":{"line":284,"column":28},"end":{"line":284,"column":38}}]},"12":{"type":"branch","line":288,"loc":{"start":{"line":288,"column":7},"end":{"line":291,"column":1}},"locations":[{"start":{"line":288,"column":7},"end":{"line":291,"column":1}}]},"13":{"type":"branch","line":289,"loc":{"start":{"line":289,"column":14},"end":{"line":289,"column":24}},"locations":[{"start":{"line":289,"column":14},"end":{"line":289,"column":24}}]},"14":{"type":"branch","line":289,"loc":{"start":{"line":289,"column":21},"end":{"line":290,"column":40}},"locations":[{"start":{"line":289,"column":21},"end":{"line":290,"column":40}}]},"15":{"type":"branch","line":290,"loc":{"start":{"line":290,"column":35},"end":{"line":290,"column":45}},"locations":[{"start":{"line":290,"column":35},"end":{"line":290,"column":45}}]},"16":{"type":"branch","line":293,"loc":{"start":{"line":293,"column":7},"end":{"line":295,"column":1}},"locations":[{"start":{"line":293,"column":7},"end":{"line":295,"column":1}}]},"17":{"type":"branch","line":298,"loc":{"start":{"line":298,"column":7},"end":{"line":304,"column":1}},"locations":[{"start":{"line":298,"column":7},"end":{"line":304,"column":1}}]},"18":{"type":"branch","line":299,"loc":{"start":{"line":299,"column":19},"end":{"line":299,"column":63}},"locations":[{"start":{"line":299,"column":19},"end":{"line":299,"column":63}}]},"19":{"type":"branch","line":299,"loc":{"start":{"line":299,"column":61},"end":{"line":300,"column":21}},"locations":[{"start":{"line":299,"column":61},"end":{"line":300,"column":21}}]},"20":{"type":"branch","line":300,"loc":{"start":{"line":300,"column":21},"end":{"line":304,"column":1}},"locations":[{"start":{"line":300,"column":21},"end":{"line":304,"column":1}}]},"21":{"type":"branch","line":313,"loc":{"start":{"line":313,"column":7},"end":{"line":328,"column":1}},"locations":[{"start":{"line":313,"column":7},"end":{"line":328,"column":1}}]},"22":{"type":"branch","line":315,"loc":{"start":{"line":315,"column":16},"end":{"line":315,"column":26}},"locations":[{"start":{"line":315,"column":16},"end":{"line":315,"column":26}}]},"23":{"type":"branch","line":315,"loc":{"start":{"line":315,"column":23},"end":{"line":328,"column":1}},"locations":[{"start":{"line":315,"column":23},"end":{"line":328,"column":1}}]},"24":{"type":"branch","line":318,"loc":{"start":{"line":318,"column":42},"end":{"line":318,"column":85}},"locations":[{"start":{"line":318,"column":42},"end":{"line":318,"column":85}}]},"25":{"type":"branch","line":318,"loc":{"start":{"line":318,"column":72},"end":{"line":318,"column":85}},"locations":[{"start":{"line":318,"column":72},"end":{"line":318,"column":85}}]},"26":{"type":"branch","line":319,"loc":{"start":{"line":319,"column":34},"end":{"line":325,"column":3}},"locations":[{"start":{"line":319,"column":34},"end":{"line":325,"column":3}}]},"27":{"type":"branch","line":321,"loc":{"start":{"line":321,"column":27},"end":{"line":323,"column":5}},"locations":[{"start":{"line":321,"column":27},"end":{"line":323,"column":5}}]},"28":{"type":"branch","line":331,"loc":{"start":{"line":331,"column":7},"end":{"line":354,"column":1}},"locations":[{"start":{"line":331,"column":7},"end":{"line":354,"column":1}}]},"29":{"type":"branch","line":339,"loc":{"start":{"line":339,"column":18},"end":{"line":345,"column":3}},"locations":[{"start":{"line":339,"column":18},"end":{"line":345,"column":3}}]},"30":{"type":"branch","line":346,"loc":{"start":{"line":346,"column":45},"end":{"line":348,"column":3}},"locations":[{"start":{"line":346,"column":45},"end":{"line":348,"column":3}}]},"31":{"type":"branch","line":349,"loc":{"start":{"line":349,"column":24},"end":{"line":351,"column":3}},"locations":[{"start":{"line":349,"column":24},"end":{"line":351,"column":3}}]},"32":{"type":"branch","line":340,"loc":{"start":{"line":340,"column":48},"end":{"line":344,"column":6}},"locations":[{"start":{"line":340,"column":48},"end":{"line":344,"column":6}}]},"33":{"type":"branch","line":383,"loc":{"start":{"line":383,"column":7},"end":{"line":389,"column":1}},"locations":[{"start":{"line":383,"column":7},"end":{"line":389,"column":1}}]},"34":{"type":"branch","line":384,"loc":{"start":{"line":384,"column":55},"end":{"line":387,"column":3}},"locations":[{"start":{"line":384,"column":55},"end":{"line":387,"column":3}}]},"35":{"type":"branch","line":386,"loc":{"start":{"line":386,"column":15},"end":{"line":386,"column":30}},"locations":[{"start":{"line":386,"column":15},"end":{"line":386,"column":30}}]},"36":{"type":"branch","line":387,"loc":{"start":{"line":387,"column":2},"end":{"line":389,"column":1}},"locations":[{"start":{"line":387,"column":2},"end":{"line":389,"column":1}}]},"37":{"type":"branch","line":392,"loc":{"start":{"line":392,"column":7},"end":{"line":406,"column":1}},"locations":[{"start":{"line":392,"column":7},"end":{"line":406,"column":1}}]},"38":{"type":"branch","line":395,"loc":{"start":{"line":395,"column":2},"end":{"line":399,"column":3}},"locations":[{"start":{"line":395,"column":2},"end":{"line":399,"column":3}}]},"39":{"type":"branch","line":396,"loc":{"start":{"line":396,"column":35},"end":{"line":396,"column":54}},"locations":[{"start":{"line":396,"column":35},"end":{"line":396,"column":54}}]},"40":{"type":"branch","line":396,"loc":{"start":{"line":396,"column":53},"end":{"line":398,"column":83}},"locations":[{"start":{"line":396,"column":53},"end":{"line":398,"column":83}}]},"41":{"type":"branch","line":397,"loc":{"start":{"line":397,"column":35},"end":{"line":397,"column":54}},"locations":[{"start":{"line":397,"column":35},"end":{"line":397,"column":54}}]},"42":{"type":"branch","line":408,"loc":{"start":{"line":408,"column":7},"end":{"line":415,"column":1}},"locations":[{"start":{"line":408,"column":7},"end":{"line":415,"column":1}}]},"43":{"type":"branch","line":410,"loc":{"start":{"line":410,"column":77},"end":{"line":413,"column":3}},"locations":[{"start":{"line":410,"column":77},"end":{"line":413,"column":3}}]},"44":{"type":"branch","line":412,"loc":{"start":{"line":412,"column":19},"end":{"line":412,"column":75}},"locations":[{"start":{"line":412,"column":19},"end":{"line":412,"column":75}}]}},"b":{"0":[48],"1":[1],"2":[47],"3":[1],"4":[3],"5":[1],"6":[2],"7":[1],"8":[3],"9":[1],"10":[2],"11":[1],"12":[3],"13":[1],"14":[2],"15":[1],"16":[58],"17":[3],"18":[1],"19":[2],"20":[1],"21":[5],"22":[1],"23":[4],"24":[11],"25":[0],"26":[4],"27":[3],"28":[3],"29":[2],"30":[2],"31":[2],"32":[2],"33":[387],"34":[8865],"35":[2],"36":[385],"37":[3],"38":[528],"39":[474],"40":[54],"41":[0],"42":[2],"43":[383],"44":[1]},"fnMap":{"0":{"name":"translateHandledBy","decl":{"start":{"line":270,"column":7},"end":{"line":273,"column":1}},"loc":{"start":{"line":270,"column":7},"end":{"line":273,"column":1}},"line":270},"1":{"name":"translateQueryType","decl":{"start":{"line":276,"column":7},"end":{"line":279,"column":1}},"loc":{"start":{"line":276,"column":7},"end":{"line":279,"column":1}},"line":276},"2":{"name":"translateDomain","decl":{"start":{"line":282,"column":7},"end":{"line":285,"column":1}},"loc":{"start":{"line":282,"column":7},"end":{"line":285,"column":1}},"line":282},"3":{"name":"translateResponseMode","decl":{"start":{"line":288,"column":7},"end":{"line":291,"column":1}},"loc":{"start":{"line":288,"column":7},"end":{"line":291,"column":1}},"line":288},"4":{"name":"getMetricTooltip","decl":{"start":{"line":293,"column":7},"end":{"line":295,"column":1}},"loc":{"start":{"line":293,"column":7},"end":{"line":295,"column":1}},"line":293},"5":{"name":"formatProcessingUnits","decl":{"start":{"line":298,"column":7},"end":{"line":304,"column":1}},"loc":{"start":{"line":298,"column":7},"end":{"line":304,"column":1}},"line":298},"6":{"name":"localizeCoverageGapsCsv","decl":{"start":{"line":313,"column":7},"end":{"line":328,"column":1}},"loc":{"start":{"line":313,"column":7},"end":{"line":328,"column":1}},"line":313},"7":{"name":"localizeCoverageGapsJson","decl":{"start":{"line":331,"column":7},"end":{"line":354,"column":1}},"loc":{"start":{"line":331,"column":7},"end":{"line":354,"column":1}},"line":331},"8":{"name":"containsForbiddenEnglish","decl":{"start":{"line":383,"column":7},"end":{"line":389,"column":1}},"loc":{"start":{"line":383,"column":7},"end":{"line":389,"column":1}},"line":383},"9":{"name":"collectLocalizedUiStrings","decl":{"start":{"line":392,"column":7},"end":{"line":406,"column":1}},"loc":{"start":{"line":392,"column":7},"end":{"line":406,"column":1}},"line":392},"10":{"name":"walk","decl":{"start":{"line":395,"column":2},"end":{"line":399,"column":3}},"loc":{"start":{"line":395,"column":2},"end":{"line":399,"column":3}},"line":395},"11":{"name":"auditLocalizedCatalog","decl":{"start":{"line":408,"column":7},"end":{"line":415,"column":1}},"loc":{"start":{"line":408,"column":7},"end":{"line":415,"column":1}},"line":408}},"f":{"0":48,"1":3,"2":3,"3":3,"4":58,"5":3,"6":5,"7":3,"8":387,"9":3,"10":528,"11":2}}
,"C:\\Users\\BecarioQR\\OneDrive - OLNATURA, S.A. DE CV\\Escritorio\\IA_MVP\\frontend\\src\\services\\chatApi.ts": {"path":"C:\\Users\\BecarioQR\\OneDrive - OLNATURA, S.A. DE CV\\Escritorio\\IA_MVP\\frontend\\src\\services\\chatApi.ts","all":false,"statementMap":{"0":{"start":{"line":1,"column":0},"end":{"line":1,"column":57}},"4":{"start":{"line":5,"column":0},"end":{"line":5,"column":58}},"8":{"start":{"line":9,"column":0},"end":{"line":9,"column":35}},"16":{"start":{"line":17,"column":0},"end":{"line":17,"column":1}},"18":{"start":{"line":19,"column":0},"end":{"line":19,"column":34}},"20":{"start":{"line":21,"column":0},"end":{"line":21,"column":1}},"22":{"start":{"line":23,"column":0},"end":{"line":23,"column":8}},"26":{"start":{"line":27,"column":0},"end":{"line":27,"column":44}},"28":{"start":{"line":29,"column":0},"end":{"line":29,"column":9}},"30":{"start":{"line":31,"column":0},"end":{"line":31,"column":7}},"34":{"start":{"line":35,"column":0},"end":{"line":35,"column":1}},"36":{"start":{"line":37,"column":0},"end":{"line":37,"column":80}},"38":{"start":{"line":39,"column":0},"end":{"line":39,"column":1}},"42":{"start":{"line":43,"column":0},"end":{"line":43,"column":80}},"44":{"start":{"line":45,"column":0},"end":{"line":45,"column":2}},"46":{"start":{"line":47,"column":0},"end":{"line":47,"column":91}},"48":{"start":{"line":49,"column":0},"end":{"line":49,"column":2}},"50":{"start":{"line":51,"column":0},"end":{"line":51,"column":91}},"52":{"start":{"line":53,"column":0},"end":{"line":53,"column":15}},"54":{"start":{"line":55,"column":0},"end":{"line":55,"column":11}},"56":{"start":{"line":57,"column":0},"end":{"line":57,"column":4}},"58":{"start":{"line":59,"column":0},"end":{"line":59,"column":72}},"60":{"start":{"line":61,"column":0},"end":{"line":61,"column":27}},"62":{"start":{"line":63,"column":0},"end":{"line":63,"column":1}},"64":{"start":{"line":65,"column":0},"end":{"line":65,"column":16}},"66":{"start":{"line":67,"column":0},"end":{"line":67,"column":1}},"70":{"start":{"line":71,"column":0},"end":{"line":71,"column":4}},"72":{"start":{"line":73,"column":0},"end":{"line":73,"column":2}},"74":{"start":{"line":75,"column":0},"end":{"line":75,"column":94}},"78":{"start":{"line":79,"column":0},"end":{"line":79,"column":30}},"80":{"start":{"line":81,"column":0},"end":{"line":81,"column":50}},"82":{"start":{"line":83,"column":0},"end":{"line":83,"column":31}},"84":{"start":{"line":85,"column":0},"end":{"line":85,"column":31}},"86":{"start":{"line":87,"column":0},"end":{"line":87,"column":4}},"88":{"start":{"line":89,"column":0},"end":{"line":89,"column":1}},"92":{"start":{"line":93,"column":0},"end":{"line":93,"column":2}},"94":{"start":{"line":95,"column":0},"end":{"line":95,"column":98}},"96":{"start":{"line":97,"column":0},"end":{"line":97,"column":55}},"100":{"start":{"line":101,"column":0},"end":{"line":101,"column":30}},"102":{"start":{"line":103,"column":0},"end":{"line":103,"column":2}},"104":{"start":{"line":105,"column":0},"end":{"line":105,"column":100}},"106":{"start":{"line":107,"column":0},"end":{"line":107,"column":73}},"108":{"start":{"line":109,"column":0},"end":{"line":109,"column":104}},"110":{"start":{"line":111,"column":0},"end":{"line":111,"column":87}},"112":{"start":{"line":113,"column":0},"end":{"line":113,"column":49}},"116":{"start":{"line":117,"column":0},"end":{"line":117,"column":1}},"118":{"start":{"line":119,"column":0},"end":{"line":119,"column":51}},"120":{"start":{"line":121,"column":0},"end":{"line":121,"column":54}},"122":{"start":{"line":123,"column":0},"end":{"line":123,"column":1}},"126":{"start":{"line":127,"column":0},"end":{"line":127,"column":1}},"128":{"start":{"line":129,"column":0},"end":{"line":129,"column":8}},"130":{"start":{"line":131,"column":0},"end":{"line":131,"column":30}},"134":{"start":{"line":135,"column":0},"end":{"line":135,"column":24}},"136":{"start":{"line":137,"column":0},"end":{"line":137,"column":38}},"138":{"start":{"line":139,"column":0},"end":{"line":139,"column":18}},"140":{"start":{"line":141,"column":0},"end":{"line":141,"column":38}},"142":{"start":{"line":143,"column":0},"end":{"line":143,"column":96}},"144":{"start":{"line":145,"column":0},"end":{"line":145,"column":7}}},"s":{"0":1,"4":1,"8":1,"16":11,"18":11,"20":11,"22":11,"26":1,"28":7,"30":7,"34":11,"36":11,"38":11,"42":11,"44":11,"46":11,"48":11,"50":11,"52":11,"54":11,"56":11,"58":11,"60":11,"62":10,"64":1,"66":1,"70":10,"72":1,"74":9,"78":9,"80":9,"82":11,"84":1,"86":1,"88":11,"92":2,"94":2,"96":2,"100":9,"102":9,"104":9,"106":7,"108":9,"110":2,"112":2,"116":9,"118":9,"120":9,"122":9,"126":6,"128":6,"130":6,"134":2,"136":2,"138":1,"140":1,"142":1,"144":1},"branchMap":{"0":{"type":"branch","line":17,"loc":{"start":{"line":17,"column":0},"end":{"line":23,"column":8}},"locations":[{"start":{"line":17,"column":0},"end":{"line":23,"column":8}}]},"1":{"type":"branch","line":27,"loc":{"start":{"line":27,"column":7},"end":{"line":31,"column":7}},"locations":[{"start":{"line":27,"column":7},"end":{"line":31,"column":7}}]},"2":{"type":"branch","line":35,"loc":{"start":{"line":35,"column":0},"end":{"line":89,"column":1}},"locations":[{"start":{"line":35,"column":0},"end":{"line":89,"column":1}}]},"3":{"type":"branch","line":61,"loc":{"start":{"line":61,"column":4},"end":{"line":63,"column":1}},"locations":[{"start":{"line":61,"column":4},"end":{"line":63,"column":1}}]},"4":{"type":"branch","line":64,"loc":{"start":{"line":64,"column":-2},"end":{"line":67,"column":1}},"locations":[{"start":{"line":64,"column":-2},"end":{"line":67,"column":1}}]},"5":{"type":"branch","line":68,"loc":{"start":{"line":68,"column":-2},"end":{"line":71,"column":4}},"locations":[{"start":{"line":68,"column":-2},"end":{"line":71,"column":4}}]},"6":{"type":"branch","line":72,"loc":{"start":{"line":72,"column":-2},"end":{"line":75,"column":94}},"locations":[{"start":{"line":72,"column":-2},"end":{"line":75,"column":94}}]},"7":{"type":"branch","line":75,"loc":{"start":{"line":75,"column":0},"end":{"line":83,"column":4}},"locations":[{"start":{"line":75,"column":0},"end":{"line":83,"column":4}}]},"8":{"type":"branch","line":83,"loc":{"start":{"line":83,"column":2},"end":{"line":87,"column":4}},"locations":[{"start":{"line":83,"column":2},"end":{"line":87,"column":4}}]},"9":{"type":"branch","line":93,"loc":{"start":{"line":93,"column":0},"end":{"line":97,"column":55}},"locations":[{"start":{"line":93,"column":0},"end":{"line":97,"column":55}}]},"10":{"type":"branch","line":101,"loc":{"start":{"line":101,"column":0},"end":{"line":131,"column":30}},"locations":[{"start":{"line":101,"column":0},"end":{"line":131,"column":30}}]},"11":{"type":"branch","line":105,"loc":{"start":{"line":105,"column":7},"end":{"line":109,"column":8}},"locations":[{"start":{"line":105,"column":7},"end":{"line":109,"column":8}}]},"12":{"type":"branch","line":109,"loc":{"start":{"line":109,"column":2},"end":{"line":113,"column":49}},"locations":[{"start":{"line":109,"column":2},"end":{"line":113,"column":49}}]},"13":{"type":"branch","line":124,"loc":{"start":{"line":124,"column":-2},"end":{"line":131,"column":30}},"locations":[{"start":{"line":124,"column":-2},"end":{"line":131,"column":30}}]},"14":{"type":"branch","line":135,"loc":{"start":{"line":135,"column":0},"end":{"line":145,"column":7}},"locations":[{"start":{"line":135,"column":0},"end":{"line":145,"column":7}}]},"15":{"type":"branch","line":137,"loc":{"start":{"line":137,"column":17},"end":{"line":145,"column":7}},"locations":[{"start":{"line":137,"column":17},"end":{"line":145,"column":7}}]}},"b":{"0":[11],"1":[7],"2":[11],"3":[10],"4":[1],"5":[1],"6":[1],"7":[9],"8":[1],"9":[2],"10":[9],"11":[7],"12":[2],"13":[1],"14":[2],"15":[1]},"fnMap":{"0":{"name":"getApiBaseUrl","decl":{"start":{"line":17,"column":0},"end":{"line":23,"column":8}},"loc":{"start":{"line":17,"column":0},"end":{"line":23,"column":8}},"line":17},"1":{"name":"isHybridChatResult","decl":{"start":{"line":27,"column":7},"end":{"line":31,"column":7}},"loc":{"start":{"line":27,"column":7},"end":{"line":31,"column":7}},"line":27},"2":{"name":"postJson","decl":{"start":{"line":35,"column":0},"end":{"line":89,"column":1}},"loc":{"start":{"line":35,"column":0},"end":{"line":89,"column":1}},"line":35},"3":{"name":"sendLegacyChatQuestion","decl":{"start":{"line":93,"column":0},"end":{"line":97,"column":55}},"loc":{"start":{"line":93,"column":0},"end":{"line":97,"column":55}},"line":93},"4":{"name":"sendHybridChatQuestion","decl":{"start":{"line":101,"column":0},"end":{"line":131,"column":30}},"loc":{"start":{"line":101,"column":0},"end":{"line":131,"column":30}},"line":101},"5":{"name":"sendChatQuestion","decl":{"start":{"line":135,"column":0},"end":{"line":145,"column":7}},"loc":{"start":{"line":135,"column":0},"end":{"line":145,"column":7}},"line":135}},"f":{"0":11,"1":7,"2":11,"3":2,"4":9,"5":2}}
,"C:\\Users\\BecarioQR\\OneDrive - OLNATURA, S.A. DE CV\\Escritorio\\IA_MVP\\frontend\\src\\services\\chatSessionManager.ts": {"path":"C:\\Users\\BecarioQR\\OneDrive - OLNATURA, S.A. DE CV\\Escritorio\\IA_MVP\\frontend\\src\\services\\chatSessionManager.ts","all":false,"statementMap":{"2":{"start":{"line":3,"column":0},"end":{"line":3,"column":47}},"3":{"start":{"line":4,"column":0},"end":{"line":4,"column":69}},"4":{"start":{"line":5,"column":0},"end":{"line":5,"column":49}},"13":{"start":{"line":14,"column":0},"end":{"line":14,"column":45}},"14":{"start":{"line":15,"column":0},"end":{"line":15,"column":35}},"15":{"start":{"line":16,"column":0},"end":{"line":16,"column":34}},"16":{"start":{"line":17,"column":0},"end":{"line":17,"column":28}},"17":{"start":{"line":18,"column":0},"end":{"line":18,"column":30}},"18":{"start":{"line":19,"column":0},"end":{"line":19,"column":1}},"20":{"start":{"line":21,"column":0},"end":{"line":21,"column":44}},"21":{"start":{"line":22,"column":0},"end":{"line":22,"column":7}},"22":{"start":{"line":23,"column":0},"end":{"line":23,"column":51}},"23":{"start":{"line":24,"column":0},"end":{"line":24,"column":43}},"24":{"start":{"line":25,"column":0},"end":{"line":25,"column":86}},"25":{"start":{"line":26,"column":0},"end":{"line":26,"column":11}},"26":{"start":{"line":27,"column":0},"end":{"line":27,"column":33}},"27":{"start":{"line":28,"column":0},"end":{"line":28,"column":3}},"28":{"start":{"line":29,"column":0},"end":{"line":29,"column":1}},"30":{"start":{"line":31,"column":0},"end":{"line":31,"column":58}},"31":{"start":{"line":32,"column":0},"end":{"line":32,"column":62}},"32":{"start":{"line":33,"column":0},"end":{"line":33,"column":1}},"34":{"start":{"line":35,"column":0},"end":{"line":35,"column":45}},"35":{"start":{"line":36,"column":0},"end":{"line":36,"column":46}},"36":{"start":{"line":37,"column":0},"end":{"line":37,"column":1}},"38":{"start":{"line":39,"column":0},"end":{"line":39,"column":41}},"39":{"start":{"line":40,"column":0},"end":{"line":40,"column":54}},"40":{"start":{"line":41,"column":0},"end":{"line":41,"column":49}},"41":{"start":{"line":42,"column":0},"end":{"line":42,"column":1}},"43":{"start":{"line":44,"column":0},"end":{"line":44,"column":50}},"44":{"start":{"line":45,"column":0},"end":{"line":45,"column":51}},"45":{"start":{"line":46,"column":0},"end":{"line":46,"column":1}},"48":{"start":{"line":49,"column":0},"end":{"line":49,"column":35}},"49":{"start":{"line":50,"column":0},"end":{"line":50,"column":33}},"50":{"start":{"line":51,"column":0},"end":{"line":51,"column":26}},"51":{"start":{"line":52,"column":0},"end":{"line":52,"column":4}},"54":{"start":{"line":55,"column":0},"end":{"line":55,"column":60}},"55":{"start":{"line":56,"column":0},"end":{"line":56,"column":36}},"56":{"start":{"line":57,"column":0},"end":{"line":57,"column":19}},"57":{"start":{"line":58,"column":0},"end":{"line":58,"column":50}},"58":{"start":{"line":59,"column":0},"end":{"line":59,"column":5}},"59":{"start":{"line":60,"column":0},"end":{"line":60,"column":41}},"60":{"start":{"line":61,"column":0},"end":{"line":61,"column":29}},"61":{"start":{"line":62,"column":0},"end":{"line":62,"column":37}},"62":{"start":{"line":63,"column":0},"end":{"line":63,"column":4}},"65":{"start":{"line":66,"column":0},"end":{"line":66,"column":52}},"66":{"start":{"line":67,"column":0},"end":{"line":67,"column":26}},"67":{"start":{"line":68,"column":0},"end":{"line":68,"column":29}},"68":{"start":{"line":69,"column":0},"end":{"line":69,"column":4}},"70":{"start":{"line":71,"column":0},"end":{"line":71,"column":37}},"71":{"start":{"line":72,"column":0},"end":{"line":72,"column":71}},"72":{"start":{"line":73,"column":0},"end":{"line":73,"column":4}},"74":{"start":{"line":75,"column":0},"end":{"line":75,"column":51}},"75":{"start":{"line":76,"column":0},"end":{"line":76,"column":18}},"76":{"start":{"line":77,"column":0},"end":{"line":77,"column":63}},"77":{"start":{"line":78,"column":0},"end":{"line":78,"column":12}},"78":{"start":{"line":79,"column":0},"end":{"line":79,"column":58}},"79":{"start":{"line":80,"column":0},"end":{"line":80,"column":5}},"80":{"start":{"line":81,"column":0},"end":{"line":81,"column":4}},"82":{"start":{"line":83,"column":0},"end":{"line":83,"column":34}},"83":{"start":{"line":84,"column":0},"end":{"line":84,"column":41}},"84":{"start":{"line":85,"column":0},"end":{"line":85,"column":29}},"85":{"start":{"line":86,"column":0},"end":{"line":86,"column":56}},"86":{"start":{"line":87,"column":0},"end":{"line":87,"column":33}},"87":{"start":{"line":88,"column":0},"end":{"line":88,"column":46}},"88":{"start":{"line":89,"column":0},"end":{"line":89,"column":25}},"89":{"start":{"line":90,"column":0},"end":{"line":90,"column":20}},"90":{"start":{"line":91,"column":0},"end":{"line":91,"column":4}},"92":{"start":{"line":93,"column":0},"end":{"line":93,"column":32}},"93":{"start":{"line":94,"column":0},"end":{"line":94,"column":33}},"94":{"start":{"line":95,"column":0},"end":{"line":95,"column":46}},"95":{"start":{"line":96,"column":0},"end":{"line":96,"column":25}},"96":{"start":{"line":97,"column":0},"end":{"line":97,"column":4}},"98":{"start":{"line":99,"column":0},"end":{"line":99,"column":31}},"99":{"start":{"line":100,"column":0},"end":{"line":100,"column":33}},"100":{"start":{"line":101,"column":0},"end":{"line":101,"column":45}},"101":{"start":{"line":102,"column":0},"end":{"line":102,"column":25}},"102":{"start":{"line":103,"column":0},"end":{"line":103,"column":4}},"104":{"start":{"line":105,"column":0},"end":{"line":105,"column":38}},"105":{"start":{"line":106,"column":0},"end":{"line":106,"column":33}},"106":{"start":{"line":107,"column":0},"end":{"line":107,"column":39}},"107":{"start":{"line":108,"column":0},"end":{"line":108,"column":25}},"108":{"start":{"line":109,"column":0},"end":{"line":109,"column":4}},"110":{"start":{"line":111,"column":0},"end":{"line":111,"column":40}},"111":{"start":{"line":112,"column":0},"end":{"line":112,"column":33}},"112":{"start":{"line":113,"column":0},"end":{"line":113,"column":41}},"113":{"start":{"line":114,"column":0},"end":{"line":114,"column":25}},"114":{"start":{"line":115,"column":0},"end":{"line":115,"column":4}},"116":{"start":{"line":117,"column":0},"end":{"line":117,"column":36}},"117":{"start":{"line":118,"column":0},"end":{"line":118,"column":24}},"118":{"start":{"line":119,"column":0},"end":{"line":119,"column":4}},"120":{"start":{"line":121,"column":0},"end":{"line":121,"column":44}},"121":{"start":{"line":122,"column":0},"end":{"line":122,"column":78}},"122":{"start":{"line":123,"column":0},"end":{"line":123,"column":46}},"123":{"start":{"line":124,"column":0},"end":{"line":124,"column":60}},"124":{"start":{"line":125,"column":0},"end":{"line":125,"column":4}},"126":{"start":{"line":127,"column":0},"end":{"line":127,"column":72}},"127":{"start":{"line":128,"column":0},"end":{"line":128,"column":51}},"128":{"start":{"line":129,"column":0},"end":{"line":129,"column":4}},"131":{"start":{"line":132,"column":0},"end":{"line":132,"column":58}},"132":{"start":{"line":133,"column":0},"end":{"line":133,"column":42}},"134":{"start":{"line":135,"column":0},"end":{"line":135,"column":50}},"135":{"start":{"line":136,"column":0},"end":{"line":136,"column":55}},"136":{"start":{"line":137,"column":0},"end":{"line":137,"column":5}},"138":{"start":{"line":139,"column":0},"end":{"line":139,"column":53}},"139":{"start":{"line":140,"column":0},"end":{"line":140,"column":40}},"140":{"start":{"line":141,"column":0},"end":{"line":141,"column":39}},"141":{"start":{"line":142,"column":0},"end":{"line":142,"column":12}},"142":{"start":{"line":143,"column":0},"end":{"line":143,"column":5}},"144":{"start":{"line":145,"column":0},"end":{"line":145,"column":50}},"145":{"start":{"line":146,"column":0},"end":{"line":146,"column":41}},"146":{"start":{"line":147,"column":0},"end":{"line":147,"column":41}},"147":{"start":{"line":148,"column":0},"end":{"line":148,"column":12}},"148":{"start":{"line":149,"column":0},"end":{"line":149,"column":5}},"150":{"start":{"line":151,"column":0},"end":{"line":151,"column":86}},"151":{"start":{"line":152,"column":0},"end":{"line":152,"column":41}},"152":{"start":{"line":153,"column":0},"end":{"line":153,"column":5}},"153":{"start":{"line":154,"column":0},"end":{"line":154,"column":4}},"156":{"start":{"line":157,"column":0},"end":{"line":157,"column":25}},"157":{"start":{"line":158,"column":0},"end":{"line":158,"column":45}},"158":{"start":{"line":159,"column":0},"end":{"line":159,"column":56}},"159":{"start":{"line":160,"column":0},"end":{"line":160,"column":42}},"160":{"start":{"line":161,"column":0},"end":{"line":161,"column":4}},"161":{"start":{"line":162,"column":0},"end":{"line":162,"column":1}},"164":{"start":{"line":165,"column":0},"end":{"line":165,"column":41}},"165":{"start":{"line":166,"column":0},"end":{"line":166,"column":27}},"166":{"start":{"line":167,"column":0},"end":{"line":167,"column":32}},"167":{"start":{"line":168,"column":0},"end":{"line":168,"column":12}},"168":{"start":{"line":169,"column":0},"end":{"line":169,"column":39}},"169":{"start":{"line":170,"column":0},"end":{"line":170,"column":61}},"170":{"start":{"line":171,"column":0},"end":{"line":171,"column":63}},"171":{"start":{"line":172,"column":0},"end":{"line":172,"column":58}},"172":{"start":{"line":173,"column":0},"end":{"line":173,"column":14}},"173":{"start":{"line":174,"column":0},"end":{"line":174,"column":1}}},"s":{"2":1,"3":1,"4":1,"13":1,"14":1,"15":1,"16":1,"17":1,"18":1,"20":47,"21":47,"22":47,"23":47,"24":27,"25":47,"26":1,"27":1,"28":47,"30":25,"31":25,"32":25,"34":1,"35":14,"36":14,"38":29,"39":29,"40":29,"41":29,"43":26,"44":26,"45":26,"48":1,"49":1,"50":15,"51":15,"54":1,"55":14,"56":14,"57":3,"58":3,"59":11,"60":11,"61":11,"62":14,"65":1,"66":14,"67":13,"68":14,"70":1,"71":25,"72":25,"74":1,"75":14,"76":9,"77":14,"78":5,"79":5,"80":14,"82":1,"83":2,"84":2,"85":2,"86":2,"87":2,"88":2,"89":2,"90":2,"92":1,"93":8,"94":8,"95":8,"96":8,"98":1,"99":4,"100":4,"101":4,"102":4,"104":1,"105":7,"106":7,"107":7,"108":7,"110":1,"111":4,"112":4,"113":4,"114":4,"116":1,"117":13,"118":13,"120":1,"121":9,"122":9,"123":5,"124":9,"126":1,"127":6,"128":6,"131":1,"132":12,"134":12,"135":12,"136":12,"138":12,"139":6,"140":6,"141":6,"142":6,"144":12,"145":4,"146":4,"147":4,"148":4,"150":12,"151":1,"152":1,"153":12,"156":1,"157":32,"158":32,"159":32,"160":32,"161":1,"164":1,"165":5,"166":5,"167":5,"168":5,"169":5,"170":5,"171":5,"172":1,"173":1},"branchMap":{"0":{"type":"branch","line":21,"loc":{"start":{"line":21,"column":0},"end":{"line":29,"column":1}},"locations":[{"start":{"line":21,"column":0},"end":{"line":29,"column":1}}]},"1":{"type":"branch","line":24,"loc":{"start":{"line":24,"column":14},"end":{"line":26,"column":10}},"locations":[{"start":{"line":24,"column":14},"end":{"line":26,"column":10}}]},"2":{"type":"branch","line":24,"loc":{"start":{"line":24,"column":14},"end":{"line":24,"column":43}},"locations":[{"start":{"line":24,"column":14},"end":{"line":24,"column":43}}]},"3":{"type":"branch","line":24,"loc":{"start":{"line":24,"column":42},"end":{"line":26,"column":10}},"locations":[{"start":{"line":24,"column":42},"end":{"line":26,"column":10}}]},"4":{"type":"branch","line":26,"loc":{"start":{"line":26,"column":2},"end":{"line":28,"column":3}},"locations":[{"start":{"line":26,"column":2},"end":{"line":28,"column":3}}]},"5":{"type":"branch","line":31,"loc":{"start":{"line":31,"column":0},"end":{"line":33,"column":1}},"locations":[{"start":{"line":31,"column":0},"end":{"line":33,"column":1}}]},"6":{"type":"branch","line":35,"loc":{"start":{"line":35,"column":7},"end":{"line":37,"column":1}},"locations":[{"start":{"line":35,"column":7},"end":{"line":37,"column":1}}]},"7":{"type":"branch","line":39,"loc":{"start":{"line":39,"column":0},"end":{"line":42,"column":1}},"locations":[{"start":{"line":39,"column":0},"end":{"line":42,"column":1}}]},"8":{"type":"branch","line":41,"loc":{"start":{"line":41,"column":9},"end":{"line":41,"column":37}},"locations":[{"start":{"line":41,"column":9},"end":{"line":41,"column":37}}]},"9":{"type":"branch","line":41,"loc":{"start":{"line":41,"column":33},"end":{"line":41,"column":45}},"locations":[{"start":{"line":41,"column":33},"end":{"line":41,"column":45}}]},"10":{"type":"branch","line":41,"loc":{"start":{"line":41,"column":37},"end":{"line":41,"column":49}},"locations":[{"start":{"line":41,"column":37},"end":{"line":41,"column":49}}]},"11":{"type":"branch","line":44,"loc":{"start":{"line":44,"column":0},"end":{"line":46,"column":1}},"locations":[{"start":{"line":44,"column":0},"end":{"line":46,"column":1}}]},"12":{"type":"branch","line":50,"loc":{"start":{"line":50,"column":2},"end":{"line":52,"column":4}},"locations":[{"start":{"line":50,"column":2},"end":{"line":52,"column":4}}]},"13":{"type":"branch","line":55,"loc":{"start":{"line":55,"column":2},"end":{"line":63,"column":4}},"locations":[{"start":{"line":55,"column":2},"end":{"line":63,"column":4}}]},"14":{"type":"branch","line":57,"loc":{"start":{"line":57,"column":18},"end":{"line":59,"column":5}},"locations":[{"start":{"line":57,"column":18},"end":{"line":59,"column":5}}]},"15":{"type":"branch","line":59,"loc":{"start":{"line":59,"column":4},"end":{"line":62,"column":37}},"locations":[{"start":{"line":59,"column":4},"end":{"line":62,"column":37}}]},"16":{"type":"branch","line":66,"loc":{"start":{"line":66,"column":2},"end":{"line":69,"column":4}},"locations":[{"start":{"line":66,"column":2},"end":{"line":69,"column":4}}]},"17":{"type":"branch","line":67,"loc":{"start":{"line":67,"column":20},"end":{"line":67,"column":26}},"locations":[{"start":{"line":67,"column":20},"end":{"line":67,"column":26}}]},"18":{"type":"branch","line":67,"loc":{"start":{"line":67,"column":20},"end":{"line":68,"column":29}},"locations":[{"start":{"line":67,"column":20},"end":{"line":68,"column":29}}]},"19":{"type":"branch","line":71,"loc":{"start":{"line":71,"column":2},"end":{"line":73,"column":4}},"locations":[{"start":{"line":71,"column":2},"end":{"line":73,"column":4}}]},"20":{"type":"branch","line":75,"loc":{"start":{"line":75,"column":2},"end":{"line":81,"column":4}},"locations":[{"start":{"line":75,"column":2},"end":{"line":81,"column":4}}]},"21":{"type":"branch","line":76,"loc":{"start":{"line":76,"column":17},"end":{"line":78,"column":11}},"locations":[{"start":{"line":76,"column":17},"end":{"line":78,"column":11}}]},"22":{"type":"branch","line":78,"loc":{"start":{"line":78,"column":4},"end":{"line":80,"column":5}},"locations":[{"start":{"line":78,"column":4},"end":{"line":80,"column":5}}]},"23":{"type":"branch","line":83,"loc":{"start":{"line":83,"column":2},"end":{"line":91,"column":4}},"locations":[{"start":{"line":83,"column":2},"end":{"line":91,"column":4}}]},"24":{"type":"branch","line":93,"loc":{"start":{"line":93,"column":2},"end":{"line":97,"column":4}},"locations":[{"start":{"line":93,"column":2},"end":{"line":97,"column":4}}]},"25":{"type":"branch","line":99,"loc":{"start":{"line":99,"column":2},"end":{"line":103,"column":4}},"locations":[{"start":{"line":99,"column":2},"end":{"line":103,"column":4}}]},"26":{"type":"branch","line":105,"loc":{"start":{"line":105,"column":2},"end":{"line":109,"column":4}},"locations":[{"start":{"line":105,"column":2},"end":{"line":109,"column":4}}]},"27":{"type":"branch","line":111,"loc":{"start":{"line":111,"column":2},"end":{"line":115,"column":4}},"locations":[{"start":{"line":111,"column":2},"end":{"line":115,"column":4}}]},"28":{"type":"branch","line":117,"loc":{"start":{"line":117,"column":2},"end":{"line":119,"column":4}},"locations":[{"start":{"line":117,"column":2},"end":{"line":119,"column":4}}]},"29":{"type":"branch","line":121,"loc":{"start":{"line":121,"column":2},"end":{"line":125,"column":4}},"locations":[{"start":{"line":121,"column":2},"end":{"line":125,"column":4}}]},"30":{"type":"branch","line":123,"loc":{"start":{"line":123,"column":38},"end":{"line":123,"column":46}},"locations":[{"start":{"line":123,"column":38},"end":{"line":123,"column":46}}]},"31":{"type":"branch","line":123,"loc":{"start":{"line":123,"column":45},"end":{"line":124,"column":60}},"locations":[{"start":{"line":123,"column":45},"end":{"line":124,"column":60}}]},"32":{"type":"branch","line":127,"loc":{"start":{"line":127,"column":2},"end":{"line":129,"column":4}},"locations":[{"start":{"line":127,"column":2},"end":{"line":129,"column":4}}]},"33":{"type":"branch","line":132,"loc":{"start":{"line":132,"column":2},"end":{"line":154,"column":4}},"locations":[{"start":{"line":132,"column":2},"end":{"line":154,"column":4}}]},"34":{"type":"branch","line":133,"loc":{"start":{"line":133,"column":28},"end":{"line":133,"column":42}},"locations":[{"start":{"line":133,"column":28},"end":{"line":133,"column":42}}]},"35":{"type":"branch","line":139,"loc":{"start":{"line":139,"column":52},"end":{"line":145,"column":49}},"locations":[{"start":{"line":139,"column":52},"end":{"line":145,"column":49}}]},"36":{"type":"branch","line":145,"loc":{"start":{"line":145,"column":49},"end":{"line":151,"column":85}},"locations":[{"start":{"line":145,"column":49},"end":{"line":151,"column":85}}]},"37":{"type":"branch","line":145,"loc":{"start":{"line":145,"column":49},"end":{"line":149,"column":5}},"locations":[{"start":{"line":145,"column":49},"end":{"line":149,"column":5}}]},"38":{"type":"branch","line":149,"loc":{"start":{"line":149,"column":4},"end":{"line":151,"column":85}},"locations":[{"start":{"line":149,"column":4},"end":{"line":151,"column":85}}]},"39":{"type":"branch","line":149,"loc":{"start":{"line":149,"column":4},"end":{"line":151,"column":41}},"locations":[{"start":{"line":149,"column":4},"end":{"line":151,"column":41}}]},"40":{"type":"branch","line":151,"loc":{"start":{"line":151,"column":36},"end":{"line":151,"column":85}},"locations":[{"start":{"line":151,"column":36},"end":{"line":151,"column":85}}]},"41":{"type":"branch","line":151,"loc":{"start":{"line":151,"column":85},"end":{"line":153,"column":5}},"locations":[{"start":{"line":151,"column":85},"end":{"line":153,"column":5}}]},"42":{"type":"branch","line":157,"loc":{"start":{"line":157,"column":2},"end":{"line":161,"column":4}},"locations":[{"start":{"line":157,"column":2},"end":{"line":161,"column":4}}]},"43":{"type":"branch","line":165,"loc":{"start":{"line":165,"column":7},"end":{"line":174,"column":1}},"locations":[{"start":{"line":165,"column":7},"end":{"line":174,"column":1}}]},"44":{"type":"branch","line":169,"loc":{"start":{"line":169,"column":28},"end":{"line":169,"column":39}},"locations":[{"start":{"line":169,"column":28},"end":{"line":169,"column":39}}]},"45":{"type":"branch","line":169,"loc":{"start":{"line":169,"column":35},"end":{"line":170,"column":57}},"locations":[{"start":{"line":169,"column":35},"end":{"line":170,"column":57}}]},"46":{"type":"branch","line":170,"loc":{"start":{"line":170,"column":50},"end":{"line":170,"column":61}},"locations":[{"start":{"line":170,"column":50},"end":{"line":170,"column":61}}]},"47":{"type":"branch","line":170,"loc":{"start":{"line":170,"column":57},"end":{"line":171,"column":59}},"locations":[{"start":{"line":170,"column":57},"end":{"line":171,"column":59}}]},"48":{"type":"branch","line":171,"loc":{"start":{"line":171,"column":52},"end":{"line":171,"column":63}},"locations":[{"start":{"line":171,"column":52},"end":{"line":171,"column":63}}]},"49":{"type":"branch","line":171,"loc":{"start":{"line":171,"column":59},"end":{"line":172,"column":54}},"locations":[{"start":{"line":171,"column":59},"end":{"line":172,"column":54}}]},"50":{"type":"branch","line":172,"loc":{"start":{"line":172,"column":47},"end":{"line":174,"column":1}},"locations":[{"start":{"line":172,"column":47},"end":{"line":174,"column":1}}]}},"b":{"0":[47],"1":[38],"2":[20],"3":[27],"4":[1],"5":[25],"6":[14],"7":[29],"8":[16],"9":[16],"10":[13],"11":[26],"12":[15],"13":[14],"14":[3],"15":[11],"16":[14],"17":[1],"18":[13],"19":[25],"20":[14],"21":[9],"22":[5],"23":[2],"24":[8],"25":[4],"26":[7],"27":[4],"28":[13],"29":[9],"30":[4],"31":[5],"32":[6],"33":[12],"34":[0],"35":[6],"36":[10],"37":[4],"38":[7],"39":[2],"40":[1],"41":[1],"42":[32],"43":[5],"44":[1],"45":[4],"46":[1],"47":[3],"48":[1],"49":[2],"50":[1]},"fnMap":{"0":{"name":"readMetrics","decl":{"start":{"line":21,"column":0},"end":{"line":29,"column":1}},"loc":{"start":{"line":21,"column":0},"end":{"line":29,"column":1}},"line":21},"1":{"name":"writeMetrics","decl":{"start":{"line":31,"column":0},"end":{"line":33,"column":1}},"loc":{"start":{"line":31,"column":0},"end":{"line":33,"column":1}},"line":31},"2":{"name":"generateSessionId","decl":{"start":{"line":35,"column":7},"end":{"line":37,"column":1}},"loc":{"start":{"line":35,"column":7},"end":{"line":37,"column":1}},"line":35},"3":{"name":"readSessionId","decl":{"start":{"line":39,"column":0},"end":{"line":42,"column":1}},"loc":{"start":{"line":39,"column":0},"end":{"line":42,"column":1}},"line":39},"4":{"name":"writeSessionId","decl":{"start":{"line":44,"column":0},"end":{"line":46,"column":1}},"loc":{"start":{"line":44,"column":0},"end":{"line":46,"column":1}},"line":44},"5":{"name":"getSessionId","decl":{"start":{"line":50,"column":2},"end":{"line":52,"column":4}},"loc":{"start":{"line":50,"column":2},"end":{"line":52,"column":4}},"line":50},"6":{"name":"ensureSessionId","decl":{"start":{"line":55,"column":2},"end":{"line":63,"column":4}},"loc":{"start":{"line":55,"column":2},"end":{"line":63,"column":4}},"line":55},"7":{"name":"setSessionIdFromBackend","decl":{"start":{"line":66,"column":2},"end":{"line":69,"column":4}},"loc":{"start":{"line":66,"column":2},"end":{"line":69,"column":4}},"line":66},"8":{"name":"isPendingClarification","decl":{"start":{"line":71,"column":2},"end":{"line":73,"column":4}},"loc":{"start":{"line":71,"column":2},"end":{"line":73,"column":4}},"line":71},"9":{"name":"setPendingClarification","decl":{"start":{"line":75,"column":2},"end":{"line":81,"column":4}},"loc":{"start":{"line":75,"column":2},"end":{"line":81,"column":4}},"line":75},"10":{"name":"startNewConversation","decl":{"start":{"line":83,"column":2},"end":{"line":91,"column":4}},"loc":{"start":{"line":83,"column":2},"end":{"line":91,"column":4}},"line":83},"11":{"name":"recordSessionStarted","decl":{"start":{"line":93,"column":2},"end":{"line":97,"column":4}},"loc":{"start":{"line":93,"column":2},"end":{"line":97,"column":4}},"line":93},"12":{"name":"recordSessionReused","decl":{"start":{"line":99,"column":2},"end":{"line":103,"column":4}},"loc":{"start":{"line":99,"column":2},"end":{"line":103,"column":4}},"line":99},"13":{"name":"recordClarificationStarted","decl":{"start":{"line":105,"column":2},"end":{"line":109,"column":4}},"loc":{"start":{"line":105,"column":2},"end":{"line":109,"column":4}},"line":105},"14":{"name":"recordClarificationCompleted","decl":{"start":{"line":111,"column":2},"end":{"line":115,"column":4}},"loc":{"start":{"line":111,"column":2},"end":{"line":115,"column":4}},"line":111},"15":{"name":"getMetrics","decl":{"start":{"line":117,"column":2},"end":{"line":119,"column":4}},"loc":{"start":{"line":117,"column":2},"end":{"line":119,"column":4}},"line":117},"16":{"name":"getClarificationCompletionRate","decl":{"start":{"line":121,"column":2},"end":{"line":125,"column":4}},"loc":{"start":{"line":121,"column":2},"end":{"line":125,"column":4}},"line":121},"17":{"name":"wasClarificationResolved","decl":{"start":{"line":127,"column":2},"end":{"line":129,"column":4}},"loc":{"start":{"line":127,"column":2},"end":{"line":129,"column":4}},"line":127},"18":{"name":"syncFromHybridResponse","decl":{"start":{"line":132,"column":2},"end":{"line":154,"column":4}},"loc":{"start":{"line":132,"column":2},"end":{"line":154,"column":4}},"line":132},"19":{"name":"resetForTests","decl":{"start":{"line":157,"column":2},"end":{"line":161,"column":4}},"loc":{"start":{"line":157,"column":2},"end":{"line":161,"column":4}},"line":157},"20":{"name":"shouldSuppressFollowUpUi","decl":{"start":{"line":165,"column":7},"end":{"line":174,"column":1}},"loc":{"start":{"line":165,"column":7},"end":{"line":174,"column":1}},"line":165}},"f":{"0":47,"1":25,"2":14,"3":29,"4":26,"5":15,"6":14,"7":14,"8":25,"9":14,"10":2,"11":8,"12":4,"13":7,"14":4,"15":13,"16":9,"17":6,"18":12,"19":32,"20":5}}
}
